<?xml version="1.0" encoding="UTF-8"?>
<testsuite xmlns:xsi="http://www.w3.org/2001/XMLSchema-instance" xsi:noNamespaceSchemaLocation="https://maven.apache.org/surefire/maven-surefire-plugin/xsd/surefire-test-report.xsd" name="TestSuite" time="31.604" tests="1" errors="0" skipped="0" failures="0">
  <properties>
    <property name="sun.desktop" value="gnome"/>
    <property name="awt.toolkit" value="sun.awt.X11.XToolkit"/>
    <property name="file.encoding.pkg" value="sun.io"/>
    <property name="java.specification.version" value="1.8"/>
    <property name="sun.cpu.isalist" value=""/>
    <property name="sun.jnu.encoding" value="UTF-8"/>
    <property name="java.class.path" value="/home/premrajan/Desktop/Selenium_Workspace/POM_NormalMethod/target/test-classes:/home/premrajan/Desktop/Selenium_Workspace/POM_NormalMethod/target/classes:/home/premrajan/.m2/repository/org/seleniumhq/selenium/selenium-java/3.11.0/selenium-java-3.11.0.jar:/home/premrajan/.m2/repository/org/seleniumhq/selenium/selenium-api/3.11.0/selenium-api-3.11.0.jar:/home/premrajan/.m2/repository/org/seleniumhq/selenium/selenium-chrome-driver/3.11.0/selenium-chrome-driver-3.11.0.jar:/home/premrajan/.m2/repository/org/seleniumhq/selenium/selenium-edge-driver/3.11.0/selenium-edge-driver-3.11.0.jar:/home/premrajan/.m2/repository/org/seleniumhq/selenium/selenium-firefox-driver/3.11.0/selenium-firefox-driver-3.11.0.jar:/home/premrajan/.m2/repository/org/seleniumhq/selenium/selenium-ie-driver/3.11.0/selenium-ie-driver-3.11.0.jar:/home/premrajan/.m2/repository/org/seleniumhq/selenium/selenium-opera-driver/3.11.0/selenium-opera-driver-3.11.0.jar:/home/premrajan/.m2/repository/org/seleniumhq/selenium/selenium-remote-driver/3.11.0/selenium-remote-driver-3.11.0.jar:/home/premrajan/.m2/repository/org/seleniumhq/selenium/selenium-safari-driver/3.11.0/selenium-safari-driver-3.11.0.jar:/home/premrajan/.m2/repository/org/seleniumhq/selenium/selenium-support/3.11.0/selenium-support-3.11.0.jar:/home/premrajan/.m2/repository/net/bytebuddy/byte-buddy/1.7.9/byte-buddy-1.7.9.jar:/home/premrajan/.m2/repository/org/apache/commons/commons-exec/1.3/commons-exec-1.3.jar:/home/premrajan/.m2/repository/commons-codec/commons-codec/1.10/commons-codec-1.10.jar:/home/premrajan/.m2/repository/commons-logging/commons-logging/1.2/commons-logging-1.2.jar:/home/premrajan/.m2/repository/com/google/code/gson/gson/2.8.2/gson-2.8.2.jar:/home/premrajan/.m2/repository/com/google/guava/guava/23.6-jre/guava-23.6-jre.jar:/home/premrajan/.m2/repository/com/google/code/findbugs/jsr305/1.3.9/jsr305-1.3.9.jar:/home/premrajan/.m2/repository/org/checkerframework/checker-compat-qual/2.0.0/checker-compat-qual-2.0.0.jar:/home/premrajan/.m2/repository/com/google/errorprone/error_prone_annotations/2.1.3/error_prone_annotations-2.1.3.jar:/home/premrajan/.m2/repository/com/google/j2objc/j2objc-annotations/1.1/j2objc-annotations-1.1.jar:/home/premrajan/.m2/repository/org/codehaus/mojo/animal-sniffer-annotations/1.14/animal-sniffer-annotations-1.14.jar:/home/premrajan/.m2/repository/org/apache/httpcomponents/httpclient/4.5.3/httpclient-4.5.3.jar:/home/premrajan/.m2/repository/org/apache/httpcomponents/httpcore/4.4.6/httpcore-4.4.6.jar:/home/premrajan/.m2/repository/com/squareup/okhttp3/okhttp/3.9.1/okhttp-3.9.1.jar:/home/premrajan/.m2/repository/com/squareup/okio/okio/1.13.0/okio-1.13.0.jar:/home/premrajan/.m2/repository/org/testng/testng/6.14.3/testng-6.14.3.jar:/home/premrajan/.m2/repository/com/beust/jcommander/1.72/jcommander-1.72.jar:/home/premrajan/.m2/repository/org/apache-extras/beanshell/bsh/2.0b6/bsh-2.0b6.jar:/home/premrajan/.m2/repository/org/seleniumhq/selenium/htmlunit-driver/2.23/htmlunit-driver-2.23.jar:/home/premrajan/.m2/repository/net/sourceforge/htmlunit/htmlunit/2.23/htmlunit-2.23.jar:/home/premrajan/.m2/repository/xalan/xalan/2.7.2/xalan-2.7.2.jar:/home/premrajan/.m2/repository/xalan/serializer/2.7.2/serializer-2.7.2.jar:/home/premrajan/.m2/repository/org/apache/commons/commons-lang3/3.4/commons-lang3-3.4.jar:/home/premrajan/.m2/repository/org/apache/httpcomponents/httpmime/4.5.2/httpmime-4.5.2.jar:/home/premrajan/.m2/repository/net/sourceforge/htmlunit/htmlunit-core-js/2.23/htmlunit-core-js-2.23.jar:/home/premrajan/.m2/repository/net/sourceforge/htmlunit/neko-htmlunit/2.23/neko-htmlunit-2.23.jar:/home/premrajan/.m2/repository/xerces/xercesImpl/2.11.0/xercesImpl-2.11.0.jar:/home/premrajan/.m2/repository/xml-apis/xml-apis/1.4.01/xml-apis-1.4.01.jar:/home/premrajan/.m2/repository/net/sourceforge/cssparser/cssparser/0.9.20/cssparser-0.9.20.jar:/home/premrajan/.m2/repository/org/w3c/css/sac/1.3/sac-1.3.jar:/home/premrajan/.m2/repository/commons-io/commons-io/2.5/commons-io-2.5.jar:/home/premrajan/.m2/repository/org/eclipse/jetty/websocket/websocket-client/9.2.18.v20160721/websocket-client-9.2.18.v20160721.jar:/home/premrajan/.m2/repository/org/eclipse/jetty/jetty-util/9.2.18.v20160721/jetty-util-9.2.18.v20160721.jar:/home/premrajan/.m2/repository/org/eclipse/jetty/jetty-io/9.2.18.v20160721/jetty-io-9.2.18.v20160721.jar:/home/premrajan/.m2/repository/org/eclipse/jetty/websocket/websocket-common/9.2.18.v20160721/websocket-common-9.2.18.v20160721.jar:/home/premrajan/.m2/repository/org/eclipse/jetty/websocket/websocket-api/9.2.18.v20160721/websocket-api-9.2.18.v20160721.jar:/home/premrajan/.m2/repository/com/github/detro/ghostdriver/phantomjsdriver/1.0.1/phantomjsdriver-1.0.1.jar:/home/premrajan/.m2/repository/org/seleniumhq/selenium/selenium-server/2.28.0/selenium-server-2.28.0.jar:/home/premrajan/.m2/repository/org/bouncycastle/bcprov-jdk15on/1.47/bcprov-jdk15on-1.47.jar:/home/premrajan/.m2/repository/org/bouncycastle/bcpkix-jdk15on/1.47/bcpkix-jdk15on-1.47.jar:/home/premrajan/.m2/repository/mx4j/mx4j-tools/3.0.1/mx4j-tools-3.0.1.jar:/home/premrajan/.m2/repository/org/mortbay/jetty/servlet-api-2.5/6.1.9/servlet-api-2.5-6.1.9.jar:/home/premrajan/.m2/repository/org/seleniumhq/selenium/jetty-repacked/7.6.1/jetty-repacked-7.6.1.jar:/home/premrajan/.m2/repository/net/jcip/jcip-annotations/1.0/jcip-annotations-1.0.jar:/home/premrajan/.m2/repository/org/yaml/snakeyaml/1.8/snakeyaml-1.8.jar:/home/premrajan/.m2/repository/org/apache/maven/surefire/surefire-testng-utils/2.22.0/surefire-testng-utils-2.22.0.jar:/home/premrajan/.m2/repository/org/apache/maven/surefire/surefire-grouper/2.22.0/surefire-grouper-2.22.0.jar:"/>
    <property name="java.vm.vendor" value="Oracle Corporation"/>
    <property name="sun.arch.data.model" value="64"/>
    <property name="java.vendor.url" value="http://java.oracle.com/"/>
    <property name="user.timezone" value=""/>
    <property name="java.vm.specification.version" value="1.8"/>
    <property name="os.name" value="Linux"/>
    <property name="user.country" value="IN"/>
    <property name="sun.java.launcher" value="SUN_STANDARD"/>
    <property name="sun.boot.library.path" value="/usr/lib/jvm/java-8-oracle/jre/lib/amd64"/>
    <property name="sun.java.command" value="/home/premrajan/Desktop/Selenium_Workspace/POM_NormalMethod/target/surefire/surefirebooter4011218216715887490.jar /home/premrajan/Desktop/Selenium_Workspace/POM_NormalMethod/target/surefire 2018-11-16T11-56-06_765-jvmRun1 surefire1920559936969017644tmp surefire_07328767233542105190tmp"/>
    <property name="surefire.test.class.path" value="/home/premrajan/Desktop/Selenium_Workspace/POM_NormalMethod/target/test-classes:/home/premrajan/Desktop/Selenium_Workspace/POM_NormalMethod/target/classes:/home/premrajan/.m2/repository/org/seleniumhq/selenium/selenium-java/3.11.0/selenium-java-3.11.0.jar:/home/premrajan/.m2/repository/org/seleniumhq/selenium/selenium-api/3.11.0/selenium-api-3.11.0.jar:/home/premrajan/.m2/repository/org/seleniumhq/selenium/selenium-chrome-driver/3.11.0/selenium-chrome-driver-3.11.0.jar:/home/premrajan/.m2/repository/org/seleniumhq/selenium/selenium-edge-driver/3.11.0/selenium-edge-driver-3.11.0.jar:/home/premrajan/.m2/repository/org/seleniumhq/selenium/selenium-firefox-driver/3.11.0/selenium-firefox-driver-3.11.0.jar:/home/premrajan/.m2/repository/org/seleniumhq/selenium/selenium-ie-driver/3.11.0/selenium-ie-driver-3.11.0.jar:/home/premrajan/.m2/repository/org/seleniumhq/selenium/selenium-opera-driver/3.11.0/selenium-opera-driver-3.11.0.jar:/home/premrajan/.m2/repository/org/seleniumhq/selenium/selenium-remote-driver/3.11.0/selenium-remote-driver-3.11.0.jar:/home/premrajan/.m2/repository/org/seleniumhq/selenium/selenium-safari-driver/3.11.0/selenium-safari-driver-3.11.0.jar:/home/premrajan/.m2/repository/org/seleniumhq/selenium/selenium-support/3.11.0/selenium-support-3.11.0.jar:/home/premrajan/.m2/repository/net/bytebuddy/byte-buddy/1.7.9/byte-buddy-1.7.9.jar:/home/premrajan/.m2/repository/org/apache/commons/commons-exec/1.3/commons-exec-1.3.jar:/home/premrajan/.m2/repository/commons-codec/commons-codec/1.10/commons-codec-1.10.jar:/home/premrajan/.m2/repository/commons-logging/commons-logging/1.2/commons-logging-1.2.jar:/home/premrajan/.m2/repository/com/google/code/gson/gson/2.8.2/gson-2.8.2.jar:/home/premrajan/.m2/repository/com/google/guava/guava/23.6-jre/guava-23.6-jre.jar:/home/premrajan/.m2/repository/com/google/code/findbugs/jsr305/1.3.9/jsr305-1.3.9.jar:/home/premrajan/.m2/repository/org/checkerframework/checker-compat-qual/2.0.0/checker-compat-qual-2.0.0.jar:/home/premrajan/.m2/repository/com/google/errorprone/error_prone_annotations/2.1.3/error_prone_annotations-2.1.3.jar:/home/premrajan/.m2/repository/com/google/j2objc/j2objc-annotations/1.1/j2objc-annotations-1.1.jar:/home/premrajan/.m2/repository/org/codehaus/mojo/animal-sniffer-annotations/1.14/animal-sniffer-annotations-1.14.jar:/home/premrajan/.m2/repository/org/apache/httpcomponents/httpclient/4.5.3/httpclient-4.5.3.jar:/home/premrajan/.m2/repository/org/apache/httpcomponents/httpcore/4.4.6/httpcore-4.4.6.jar:/home/premrajan/.m2/repository/com/squareup/okhttp3/okhttp/3.9.1/okhttp-3.9.1.jar:/home/premrajan/.m2/repository/com/squareup/okio/okio/1.13.0/okio-1.13.0.jar:/home/premrajan/.m2/repository/org/testng/testng/6.14.3/testng-6.14.3.jar:/home/premrajan/.m2/repository/com/beust/jcommander/1.72/jcommander-1.72.jar:/home/premrajan/.m2/repository/org/apache-extras/beanshell/bsh/2.0b6/bsh-2.0b6.jar:/home/premrajan/.m2/repository/org/seleniumhq/selenium/htmlunit-driver/2.23/htmlunit-driver-2.23.jar:/home/premrajan/.m2/repository/net/sourceforge/htmlunit/htmlunit/2.23/htmlunit-2.23.jar:/home/premrajan/.m2/repository/xalan/xalan/2.7.2/xalan-2.7.2.jar:/home/premrajan/.m2/repository/xalan/serializer/2.7.2/serializer-2.7.2.jar:/home/premrajan/.m2/repository/org/apache/commons/commons-lang3/3.4/commons-lang3-3.4.jar:/home/premrajan/.m2/repository/org/apache/httpcomponents/httpmime/4.5.2/httpmime-4.5.2.jar:/home/premrajan/.m2/repository/net/sourceforge/htmlunit/htmlunit-core-js/2.23/htmlunit-core-js-2.23.jar:/home/premrajan/.m2/repository/net/sourceforge/htmlunit/neko-htmlunit/2.23/neko-htmlunit-2.23.jar:/home/premrajan/.m2/repository/xerces/xercesImpl/2.11.0/xercesImpl-2.11.0.jar:/home/premrajan/.m2/repository/xml-apis/xml-apis/1.4.01/xml-apis-1.4.01.jar:/home/premrajan/.m2/repository/net/sourceforge/cssparser/cssparser/0.9.20/cssparser-0.9.20.jar:/home/premrajan/.m2/repository/org/w3c/css/sac/1.3/sac-1.3.jar:/home/premrajan/.m2/repository/commons-io/commons-io/2.5/commons-io-2.5.jar:/home/premrajan/.m2/repository/org/eclipse/jetty/websocket/websocket-client/9.2.18.v20160721/websocket-client-9.2.18.v20160721.jar:/home/premrajan/.m2/repository/org/eclipse/jetty/jetty-util/9.2.18.v20160721/jetty-util-9.2.18.v20160721.jar:/home/premrajan/.m2/repository/org/eclipse/jetty/jetty-io/9.2.18.v20160721/jetty-io-9.2.18.v20160721.jar:/home/premrajan/.m2/repository/org/eclipse/jetty/websocket/websocket-common/9.2.18.v20160721/websocket-common-9.2.18.v20160721.jar:/home/premrajan/.m2/repository/org/eclipse/jetty/websocket/websocket-api/9.2.18.v20160721/websocket-api-9.2.18.v20160721.jar:/home/premrajan/.m2/repository/com/github/detro/ghostdriver/phantomjsdriver/1.0.1/phantomjsdriver-1.0.1.jar:/home/premrajan/.m2/repository/org/seleniumhq/selenium/selenium-server/2.28.0/selenium-server-2.28.0.jar:/home/premrajan/.m2/repository/org/bouncycastle/bcprov-jdk15on/1.47/bcprov-jdk15on-1.47.jar:/home/premrajan/.m2/repository/org/bouncycastle/bcpkix-jdk15on/1.47/bcpkix-jdk15on-1.47.jar:/home/premrajan/.m2/repository/mx4j/mx4j-tools/3.0.1/mx4j-tools-3.0.1.jar:/home/premrajan/.m2/repository/org/mortbay/jetty/servlet-api-2.5/6.1.9/servlet-api-2.5-6.1.9.jar:/home/premrajan/.m2/repository/org/seleniumhq/selenium/jetty-repacked/7.6.1/jetty-repacked-7.6.1.jar:/home/premrajan/.m2/repository/net/jcip/jcip-annotations/1.0/jcip-annotations-1.0.jar:/home/premrajan/.m2/repository/org/yaml/snakeyaml/1.8/snakeyaml-1.8.jar:/home/premrajan/.m2/repository/org/apache/maven/surefire/surefire-testng-utils/2.22.0/surefire-testng-utils-2.22.0.jar:/home/premrajan/.m2/repository/org/apache/maven/surefire/surefire-grouper/2.22.0/surefire-grouper-2.22.0.jar:"/>
    <property name="sun.cpu.endian" value="little"/>
    <property name="user.home" value="/home/premrajan"/>
    <property name="user.language" value="en"/>
    <property name="java.specification.vendor" value="Oracle Corporation"/>
    <property name="java.home" value="/usr/lib/jvm/java-8-oracle/jre"/>
    <property name="basedir" value="/home/premrajan/Desktop/Selenium_Workspace/POM_NormalMethod"/>
    <property name="file.separator" value="/"/>
    <property name="line.separator" value="&#10;"/>
    <property name="java.vm.specification.vendor" value="Oracle Corporation"/>
    <property name="java.specification.name" value="Java Platform API Specification"/>
    <property name="java.awt.graphicsenv" value="sun.awt.X11GraphicsEnvironment"/>
    <property name="surefire.real.class.path" value="/home/premrajan/Desktop/Selenium_Workspace/POM_NormalMethod/target/surefire/surefirebooter4011218216715887490.jar"/>
    <property name="sun.boot.class.path" value="/usr/lib/jvm/java-8-oracle/jre/lib/resources.jar:/usr/lib/jvm/java-8-oracle/jre/lib/rt.jar:/usr/lib/jvm/java-8-oracle/jre/lib/sunrsasign.jar:/usr/lib/jvm/java-8-oracle/jre/lib/jsse.jar:/usr/lib/jvm/java-8-oracle/jre/lib/jce.jar:/usr/lib/jvm/java-8-oracle/jre/lib/charsets.jar:/usr/lib/jvm/java-8-oracle/jre/lib/jfr.jar:/usr/lib/jvm/java-8-oracle/jre/classes"/>
    <property name="sun.management.compiler" value="HotSpot 64-Bit Tiered Compilers"/>
    <property name="java.runtime.version" value="1.8.0_191-b12"/>
    <property name="user.name" value="premrajan"/>
    <property name="path.separator" value=":"/>
    <property name="os.version" value="4.4.0-138-generic"/>
    <property name="java.endorsed.dirs" value="/usr/lib/jvm/java-8-oracle/jre/lib/endorsed"/>
    <property name="java.runtime.name" value="Java(TM) SE Runtime Environment"/>
    <property name="file.encoding" value="UTF-8"/>
    <property name="java.vm.name" value="Java HotSpot(TM) 64-Bit Server VM"/>
    <property name="localRepository" value="/home/premrajan/.m2/repository"/>
    <property name="java.vendor.url.bug" value="http://bugreport.sun.com/bugreport/"/>
    <property name="java.io.tmpdir" value="/tmp"/>
    <property name="java.version" value="1.8.0_191"/>
    <property name="user.dir" value="/home/premrajan/Desktop/Selenium_Workspace/POM_NormalMethod"/>
    <property name="os.arch" value="amd64"/>
    <property name="java.vm.specification.name" value="Java Virtual Machine Specification"/>
    <property name="java.awt.printerjob" value="sun.print.PSPrinterJob"/>
    <property name="sun.os.patch.level" value="unknown"/>
    <property name="java.library.path" value="/usr/java/packages/lib/amd64:/usr/lib64:/lib64:/lib:/usr/lib"/>
    <property name="java.vm.info" value="mixed mode"/>
    <property name="java.vendor" value="Oracle Corporation"/>
    <property name="java.vm.version" value="25.191-b12"/>
    <property name="java.ext.dirs" value="/usr/lib/jvm/java-8-oracle/jre/lib/ext:/usr/java/packages/lib/ext"/>
    <property name="sun.io.unicode.encoding" value="UnicodeLittle"/>
    <property name="java.class.version" value="52.0"/>
  </properties>
  <testcase name="verifyLogin" classname="TestCases.verfiyLogIn" time="30.807"/>
</testsuite>