<?xml version="1.0" encoding="UTF-8"?>
<!-- Generated by org.testng.reporters.JUnitReportReporter -->
<testsuite skipped="0" hostname="administrator-ThinkCentre-M93p" name="TestCases.verfiyLogIn" tests="1" failures="0" timestamp="28 Aug 2018 10:54:27 GMT" time="32.579" errors="0">
  <testcase name="VerfiyLogin" time="32.579" classname="TestCases.verfiyLogIn"/>
</testsuite> <!-- TestCases.verfiyLogIn -->
