<?xml version="1.0" encoding="UTF-8"?>
<!-- Generated by org.testng.reporters.JUnitReportReporter -->
<testsuite skipped="0" hostname="prem-rajan-administrator" name="TestCases.verfiyLogin_PageFactory" tests="1" failures="0" timestamp="15 Nov 2018 07:30:04 GMT" time="13.144" errors="0">
  <testcase name="checkValidUser" time="13.144" classname="TestCases.verfiyLogin_PageFactory"/>
</testsuite> <!-- TestCases.verfiyLogin_PageFactory -->
