<?xml version="1.0" encoding="UTF-8"?>
<!-- Generated by org.testng.reporters.JUnitReportReporter -->
<testsuite skipped="0" hostname="prem-rajan-administrator" name="launchBrowserTestNG.LaunchBrowser_TestNG" tests="1" failures="0" timestamp="15 Nov 2018 07:29:05 GMT" time="22.330" errors="0">
  <testcase name="LaunchBrowser" time="22.330" classname="launchBrowserTestNG.LaunchBrowser_TestNG"/>
</testsuite> <!-- launchBrowserTestNG.LaunchBrowser_TestNG -->
