<?xml version="1.0" encoding="UTF-8"?>
<!-- Generated by org.testng.reporters.JUnitReportReporter -->
<testsuite skipped="0" hostname="prem-rajan-administrator" name="TestCases.verfiyLogIn" tests="1" failures="0" timestamp="16 Nov 2018 06:26:39 GMT" time="30.536" errors="0">
  <testcase name="verifyLogin" time="30.536" classname="TestCases.verfiyLogIn"/>
</testsuite> <!-- TestCases.verfiyLogIn -->
